2019-04-17 14:36:06,020 basic_operations.py:22  INFO Adding new customer, Customer ID 00001
2019-04-17 14:36:06,024 basic_operations.py:25  ERROR Customer ID 00001 is already in use
2019-04-17 14:38:28,784 basic_operations.py:23  INFO Adding new customer, Customer ID 00003
2019-04-17 14:38:28,784 basic_operations.py:23  INFO Adding new customer, Customer ID 00003
2019-04-17 14:38:29,255 basic_operations.py:38  INFO Added new customer, Customer ID 00003
2019-04-17 14:38:29,255 basic_operations.py:38  INFO Added new customer, Customer ID 00003
2019-04-17 14:42:44,374 basic_operations.py:23  INFO Adding new customer, Customer ID 00001
2019-04-17 14:42:44,378 basic_operations.py:38  INFO Added new customer, Customer ID 00001
2019-04-17 14:42:44,424 basic_operations.py:23  INFO Adding new customer, Customer ID 00001
2019-04-17 14:42:44,425 basic_operations.py:26  ERROR Customer ID 00001 is already in use
2019-04-17 14:42:44,427 basic_operations.py:23  INFO Adding new customer, Customer ID 00001
2019-04-17 14:42:44,430 basic_operations.py:38  INFO Added new customer, Customer ID 00001
2019-04-17 14:42:44,430 basic_operations.py:23  INFO Adding new customer, Customer ID 00002
2019-04-17 14:42:44,432 basic_operations.py:38  INFO Added new customer, Customer ID 00002
2019-04-17 14:42:44,436 basic_operations.py:23  INFO Adding new customer, Customer ID 00001
2019-04-17 14:42:44,438 basic_operations.py:38  INFO Added new customer, Customer ID 00001
2019-04-17 14:42:44,439 basic_operations.py:23  INFO Adding new customer, Customer ID 00002
2019-04-17 14:42:44,440 basic_operations.py:38  INFO Added new customer, Customer ID 00002
2019-04-17 14:42:44,440 basic_operations.py:23  INFO Adding new customer, Customer ID 00003
2019-04-17 14:42:44,442 basic_operations.py:38  INFO Added new customer, Customer ID 00003
2019-04-17 14:42:44,442 basic_operations.py:23  INFO Adding new customer, Customer ID 00004
2019-04-17 14:42:44,444 basic_operations.py:38  INFO Added new customer, Customer ID 00004
2019-04-17 14:42:44,444 basic_operations.py:23  INFO Adding new customer, Customer ID 00005
2019-04-17 14:42:44,446 basic_operations.py:42  ERROR Incorrect format, customer 00005 not saved
2019-04-17 14:42:44,450 basic_operations.py:23  INFO Adding new customer, Customer ID 00001
2019-04-17 14:42:44,452 basic_operations.py:38  INFO Added new customer, Customer ID 00001
2019-04-17 14:42:44,453 basic_operations.py:23  INFO Adding new customer, Customer ID 00004
2019-04-17 14:42:44,455 basic_operations.py:38  INFO Added new customer, Customer ID 00004
2019-04-17 14:42:44,458 basic_operations.py:23  INFO Adding new customer, Customer ID 00001
2019-04-17 14:42:44,460 basic_operations.py:38  INFO Added new customer, Customer ID 00001
2019-04-17 14:43:24,463 basic_operations.py:23  INFO Adding new customer, Customer ID 00001
2019-04-17 14:43:24,467 basic_operations.py:38  INFO Added new customer, Customer ID 00001
2019-04-17 15:02:31,991 basic_operations.py:23  INFO Adding new customer, Customer ID 00001
2019-04-17 15:02:31,994 basic_operations.py:38  INFO Added new customer, Customer ID 00001
2019-04-17 15:02:31,995 basic_operations.py:23  INFO Adding new customer, Customer ID 00001
2019-04-17 15:02:31,996 basic_operations.py:26  ERROR Customer ID 00001 is already in use
2019-04-17 15:04:01,860 basic_operations.py:23  INFO Adding new customer, Customer ID 00001
2019-04-17 15:04:01,860 basic_operations.py:23  INFO Adding new customer, Customer ID 00001
2019-04-17 15:04:01,862 basic_operations.py:26  ERROR Customer ID 00001 is already in use
2019-04-17 15:04:01,862 basic_operations.py:26  ERROR Customer ID 00001 is already in use
2019-04-17 15:07:14,082 basic_operations.py:23  INFO Adding new customer, Customer ID 00001
2019-04-17 15:07:14,085 basic_operations.py:38  INFO Added new customer, Customer ID 00001
2019-04-17 15:07:14,086 basic_operations.py:23  INFO Adding new customer, Customer ID 00001
2019-04-17 15:07:14,088 basic_operations.py:26  ERROR Customer ID 00001 is already in use
2019-04-17 15:07:35,559 basic_operations.py:23  INFO Adding new customer, Customer ID 00001
2019-04-17 15:07:35,562 basic_operations.py:38  INFO Added new customer, Customer ID 00001
2019-04-17 15:07:35,564 basic_operations.py:23  INFO Adding new customer, Customer ID 00001
2019-04-17 15:07:35,564 basic_operations.py:26  ERROR Customer ID 00001 is already in use
2019-04-17 15:07:46,573 basic_operations.py:23  INFO Adding new customer, Customer ID 00001
2019-04-17 15:07:46,576 basic_operations.py:38  INFO Added new customer, Customer ID 00001
2019-04-17 15:07:46,577 basic_operations.py:23  INFO Adding new customer, Customer ID 00001
2019-04-17 15:07:46,578 basic_operations.py:26  ERROR Customer ID 00001 is already in use
2019-04-17 15:08:36,584 basic_operations.py:23  INFO Adding new customer, Customer ID 00001
2019-04-17 15:08:36,587 basic_operations.py:38  INFO Added new customer, Customer ID 00001
2019-04-17 15:08:36,588 basic_operations.py:23  INFO Adding new customer, Customer ID 00001
2019-04-17 15:08:36,589 basic_operations.py:26  ERROR Customer ID 00001 is already in use
2019-04-17 15:08:48,201 basic_operations.py:23  INFO Adding new customer, Customer ID 00001
2019-04-17 15:08:48,204 basic_operations.py:38  INFO Added new customer, Customer ID 00001
2019-04-17 15:08:48,205 basic_operations.py:23  INFO Adding new customer, Customer ID 00001
2019-04-17 15:08:48,206 basic_operations.py:26  ERROR Customer ID 00001 is already in use
2019-04-17 15:09:58,814 basic_operations.py:23  INFO Adding new customer, Customer ID 00001
2019-04-17 15:09:58,818 basic_operations.py:38  INFO Added new customer, Customer ID 00001
2019-04-17 15:09:58,818 basic_operations.py:23  INFO Adding new customer, Customer ID 00001
2019-04-17 15:09:58,819 basic_operations.py:26  ERROR Customer ID 00001 is already in use
2019-04-17 15:10:58,252 basic_operations.py:23  INFO Adding new customer, Customer ID 00001
2019-04-17 15:10:58,256 basic_operations.py:38  INFO Added new customer, Customer ID 00001
2019-04-17 15:10:58,256 basic_operations.py:23  INFO Adding new customer, Customer ID 00001
2019-04-17 15:10:58,257 basic_operations.py:26  ERROR Customer ID 00001 is already in use
2019-04-17 15:11:30,740 basic_operations.py:23  INFO Adding new customer, Customer ID 00001
2019-04-17 15:11:30,743 basic_operations.py:38  INFO Added new customer, Customer ID 00001
2019-04-17 15:11:30,744 basic_operations.py:23  INFO Adding new customer, Customer ID 00001
2019-04-17 15:11:30,744 basic_operations.py:26  ERROR Customer ID 00001 is already in use
2019-04-17 15:12:45,959 basic_operations.py:23  INFO Adding new customer, Customer ID 00001
2019-04-17 15:12:45,962 basic_operations.py:38  INFO Added new customer, Customer ID 00001
2019-04-17 15:12:45,963 basic_operations.py:23  INFO Adding new customer, Customer ID 00001
2019-04-17 15:12:45,963 basic_operations.py:26  ERROR Customer ID 00001 is already in use
2019-04-17 15:13:15,217 basic_operations.py:23  INFO Adding new customer, Customer ID 00001
2019-04-17 15:13:15,220 basic_operations.py:38  INFO Added new customer, Customer ID 00001
2019-04-17 15:13:15,221 basic_operations.py:23  INFO Adding new customer, Customer ID 00001
2019-04-17 15:13:15,222 basic_operations.py:26  ERROR Customer ID 00001 is already in use
2019-04-17 15:16:14,517 basic_operations.py:23  INFO Adding new customer, Customer ID 00001
2019-04-17 15:16:14,519 basic_operations.py:38  INFO Added new customer, Customer ID 00001
2019-04-17 15:16:14,520 basic_operations.py:23  INFO Adding new customer, Customer ID 00001
2019-04-17 15:16:14,521 basic_operations.py:26  ERROR Customer ID 00001 is already in use
2019-04-17 15:17:17,828 basic_operations.py:23  INFO Adding new customer, Customer ID 00001
2019-04-17 15:17:17,832 basic_operations.py:38  INFO Added new customer, Customer ID 00001
2019-04-17 15:17:30,983 basic_operations.py:23  INFO Adding new customer, Customer ID 00001
2019-04-17 15:17:30,986 basic_operations.py:38  INFO Added new customer, Customer ID 00001
2019-04-17 15:17:51,424 basic_operations.py:23  INFO Adding new customer, Customer ID 00001
2019-04-17 15:17:51,431 basic_operations.py:38  INFO Added new customer, Customer ID 00001
2019-04-17 15:17:51,432 basic_operations.py:23  INFO Adding new customer, Customer ID 00001
2019-04-17 15:17:51,433 basic_operations.py:26  ERROR Customer ID 00001 is already in use
2019-04-17 15:18:06,680 basic_operations.py:23  INFO Adding new customer, Customer ID 00001
2019-04-17 15:18:06,685 basic_operations.py:38  INFO Added new customer, Customer ID 00001
2019-04-17 15:18:06,686 basic_operations.py:23  INFO Adding new customer, Customer ID 00001
2019-04-17 15:18:06,687 basic_operations.py:26  ERROR Customer ID 00001 is already in use
2019-04-17 15:18:30,373 basic_operations.py:23  INFO Adding new customer, Customer ID 00001
2019-04-17 15:18:30,376 basic_operations.py:38  INFO Added new customer, Customer ID 00001
2019-04-17 15:18:30,377 basic_operations.py:23  INFO Adding new customer, Customer ID 00001
2019-04-17 15:18:30,378 basic_operations.py:26  ERROR Customer ID 00001 is already in use
2019-04-17 15:19:30,850 basic_operations.py:23  INFO Adding new customer, Customer ID 00001
2019-04-17 15:19:30,854 basic_operations.py:38  INFO Added new customer, Customer ID 00001
2019-04-17 15:20:10,841 basic_operations.py:23  INFO Adding new customer, Customer ID 00001
2019-04-17 15:20:10,845 basic_operations.py:38  INFO Added new customer, Customer ID 00001
2019-04-17 15:20:10,846 basic_operations.py:23  INFO Adding new customer, Customer ID 00005
2019-04-17 15:20:10,847 basic_operations.py:42  ERROR Incorrect format, customer 00005 not saved
2019-04-17 15:21:32,822 basic_operations.py:23  INFO Adding new customer, Customer ID 00001
2019-04-17 15:21:32,827 basic_operations.py:38  INFO Added new customer, Customer ID 00001
2019-04-17 15:21:32,828 basic_operations.py:23  INFO Adding new customer, Customer ID 00001
2019-04-17 15:21:32,829 basic_operations.py:26  ERROR Customer ID 00001 is already in use
2019-04-17 15:21:59,532 basic_operations.py:23  INFO Adding new customer, Customer ID 00001
2019-04-17 15:21:59,535 basic_operations.py:38  INFO Added new customer, Customer ID 00001
2019-04-17 15:21:59,536 basic_operations.py:23  INFO Adding new customer, Customer ID 00001
2019-04-17 15:21:59,537 basic_operations.py:26  ERROR Customer ID 00001 is already in use
2019-04-17 15:21:59,537 basic_operations.py:23  INFO Adding new customer, Customer ID 00005
2019-04-17 15:21:59,538 basic_operations.py:42  ERROR Incorrect format, customer 00005 not saved
2019-04-17 16:03:44,180 basic_operations.py:47  INFO Searching for customer, Customer ID 00009
2019-04-17 16:03:44,180 basic_operations.py:47  INFO Searching for customer, Customer ID 00009
2019-04-17 16:03:44,180 basic_operations.py:47  INFO Searching for customer, Customer ID 00009
2019-04-17 16:05:04,336 basic_operations.py:47  INFO Searching for customer, Customer ID 00009
2019-04-17 16:05:04,336 basic_operations.py:47  INFO Searching for customer, Customer ID 00009
2019-04-17 16:05:04,336 basic_operations.py:47  INFO Searching for customer, Customer ID 00009
2019-04-17 16:05:04,336 basic_operations.py:47  INFO Searching for customer, Customer ID 00009
2019-04-17 16:36:46,635 basic_operations.py:38  INFO Added new customer, Customer ID 00001
2019-04-17 16:37:39,690 basic_operations.py:38  INFO Added new customer, Customer ID 00001
2019-04-17 16:37:39,703 basic_operations.py:38  INFO Added new customer, Customer ID 00001
2019-04-17 16:37:39,709 basic_operations.py:38  INFO Added new customer, Customer ID 00004
2019-04-17 16:38:48,004 basic_operations.py:38  INFO Added new customer, Customer ID 00001
2019-04-17 16:38:48,018 basic_operations.py:38  INFO Added new customer, Customer ID 00001
2019-04-17 16:38:48,024 basic_operations.py:38  INFO Added new customer, Customer ID 00004
2019-04-17 16:43:39,699 basic_operations.py:38  INFO Added new customer, Customer ID 00001
2019-04-17 16:43:39,721 basic_operations.py:38  INFO Added new customer, Customer ID 00001
2019-04-17 16:43:39,729 basic_operations.py:38  INFO Added new customer, Customer ID 00004
2019-04-17 16:45:45,353 basic_operations.py:38  INFO Added new customer, Customer ID 00001
2019-04-17 16:45:45,367 basic_operations.py:38  INFO Added new customer, Customer ID 00001
2019-04-17 16:45:45,369 basic_operations.py:38  INFO Added new customer, Customer ID 00002
2019-04-17 16:45:45,370 basic_operations.py:78  INFO Customer with Customer ID 00001 has been deleted
2019-04-17 16:45:45,376 basic_operations.py:38  INFO Added new customer, Customer ID 00001
2019-04-17 16:45:45,382 basic_operations.py:38  INFO Added new customer, Customer ID 00004
2019-04-17 16:46:16,030 basic_operations.py:38  INFO Added new customer, Customer ID 00001
2019-04-17 16:46:16,045 basic_operations.py:38  INFO Added new customer, Customer ID 00001
2019-04-17 16:46:16,047 basic_operations.py:38  INFO Added new customer, Customer ID 00002
2019-04-17 16:46:16,049 basic_operations.py:78  INFO Customer with Customer ID 00001 has been deleted
2019-04-17 16:46:16,058 basic_operations.py:38  INFO Added new customer, Customer ID 00001
2019-04-17 16:46:16,062 basic_operations.py:38  INFO Added new customer, Customer ID 00004
2019-04-17 16:47:10,372 basic_operations.py:38  INFO Added new customer, Customer ID 00001
2019-04-17 16:47:10,385 basic_operations.py:38  INFO Added new customer, Customer ID 00001
2019-04-17 16:47:10,387 basic_operations.py:38  INFO Added new customer, Customer ID 00002
2019-04-17 16:47:10,389 basic_operations.py:78  INFO Customer with Customer ID 00001 has been deleted
2019-04-17 16:47:10,403 basic_operations.py:38  INFO Added new customer, Customer ID 00001
2019-04-17 16:47:10,409 basic_operations.py:38  INFO Added new customer, Customer ID 00004
2019-04-17 16:47:39,711 basic_operations.py:38  INFO Added new customer, Customer ID 00001
2019-04-17 16:47:39,723 basic_operations.py:38  INFO Added new customer, Customer ID 00001
2019-04-17 16:47:39,726 basic_operations.py:38  INFO Added new customer, Customer ID 00002
2019-04-17 16:47:39,728 basic_operations.py:78  INFO Customer with Customer ID 00001 has been deleted
2019-04-17 16:47:39,734 basic_operations.py:38  INFO Added new customer, Customer ID 00001
2019-04-17 16:47:39,740 basic_operations.py:38  INFO Added new customer, Customer ID 00004
2019-04-17 16:48:11,653 basic_operations.py:38  INFO Added new customer, Customer ID 00001
2019-04-17 16:48:11,666 basic_operations.py:38  INFO Added new customer, Customer ID 00001
2019-04-17 16:48:11,670 basic_operations.py:38  INFO Added new customer, Customer ID 00002
2019-04-17 16:48:11,671 basic_operations.py:78  INFO Customer with Customer ID 00001 has been deleted
2019-04-17 16:48:11,678 basic_operations.py:38  INFO Added new customer, Customer ID 00001
2019-04-17 16:48:11,682 basic_operations.py:38  INFO Added new customer, Customer ID 00004
2019-04-17 16:52:43,816 basic_operations.py:38  INFO Added new customer, Customer ID 00001
2019-04-17 16:52:43,830 basic_operations.py:38  INFO Added new customer, Customer ID 00001
2019-04-17 16:52:43,875 basic_operations.py:38  INFO Added new customer, Customer ID 00002
2019-04-17 16:52:43,877 basic_operations.py:79  INFO Customer with Customer ID 00001 has been deleted
2019-04-17 16:52:43,885 basic_operations.py:38  INFO Added new customer, Customer ID 00001
2019-04-17 16:52:43,890 basic_operations.py:38  INFO Added new customer, Customer ID 00004
2019-04-17 16:52:43,900 basic_operations.py:38  INFO Added new customer, Customer ID 00001
2019-04-17 16:53:01,973 basic_operations.py:38  INFO Added new customer, Customer ID 00001
2019-04-17 16:53:01,982 basic_operations.py:38  INFO Added new customer, Customer ID 00001
2019-04-17 16:53:01,985 basic_operations.py:38  INFO Added new customer, Customer ID 00002
2019-04-17 16:53:01,986 basic_operations.py:79  INFO Customer with Customer ID 00001 has been deleted
2019-04-17 16:53:01,994 basic_operations.py:38  INFO Added new customer, Customer ID 00001
2019-04-17 16:53:01,998 basic_operations.py:38  INFO Added new customer, Customer ID 00004
2019-04-17 16:53:02,007 basic_operations.py:38  INFO Added new customer, Customer ID 00001
2019-04-17 16:53:48,858 basic_operations.py:38  INFO Added new customer, Customer ID 00001
2019-04-17 16:53:48,868 basic_operations.py:38  INFO Added new customer, Customer ID 00001
2019-04-17 16:53:48,870 basic_operations.py:38  INFO Added new customer, Customer ID 00002
2019-04-17 16:53:48,871 basic_operations.py:79  INFO Customer with Customer ID 00001 has been deleted
2019-04-17 16:53:48,878 basic_operations.py:38  INFO Added new customer, Customer ID 00001
2019-04-17 16:53:48,881 basic_operations.py:38  INFO Added new customer, Customer ID 00004
2019-04-17 16:53:48,889 basic_operations.py:38  INFO Added new customer, Customer ID 00001
2019-04-17 16:53:48,891 basic_operations.py:96  INFO Customer with ID 00001 has been updated
2019-04-17 16:54:34,913 basic_operations.py:38  INFO Added new customer, Customer ID 00001
2019-04-17 16:54:34,922 basic_operations.py:38  INFO Added new customer, Customer ID 00001
2019-04-17 16:54:34,924 basic_operations.py:38  INFO Added new customer, Customer ID 00002
2019-04-17 16:54:34,926 basic_operations.py:79  INFO Customer with Customer ID 00001 has been deleted
2019-04-17 16:54:34,932 basic_operations.py:38  INFO Added new customer, Customer ID 00001
2019-04-17 16:54:34,950 basic_operations.py:38  INFO Added new customer, Customer ID 00004
2019-04-17 16:54:34,960 basic_operations.py:38  INFO Added new customer, Customer ID 00001
2019-04-17 16:54:34,962 basic_operations.py:96  INFO Customer with ID 00001 has been updated
2019-04-17 16:55:14,063 basic_operations.py:38  INFO Added new customer, Customer ID 00001
2019-04-17 16:55:14,078 basic_operations.py:38  INFO Added new customer, Customer ID 00001
2019-04-17 16:55:14,081 basic_operations.py:38  INFO Added new customer, Customer ID 00002
2019-04-17 16:55:14,082 basic_operations.py:79  INFO Customer with Customer ID 00001 has been deleted
2019-04-17 16:55:14,091 basic_operations.py:38  INFO Added new customer, Customer ID 00001
2019-04-17 16:55:14,095 basic_operations.py:38  INFO Added new customer, Customer ID 00002
2019-04-17 16:55:14,099 basic_operations.py:38  INFO Added new customer, Customer ID 00003
2019-04-17 16:55:14,104 basic_operations.py:38  INFO Added new customer, Customer ID 00004
2019-04-17 16:55:14,117 basic_operations.py:38  INFO Added new customer, Customer ID 00001
2019-04-17 16:55:14,124 basic_operations.py:38  INFO Added new customer, Customer ID 00004
2019-04-17 16:55:14,134 basic_operations.py:38  INFO Added new customer, Customer ID 00001
2019-04-17 16:55:14,136 basic_operations.py:96  INFO Customer with ID 00001 has been updated
