2019-05-07 21:48:25,374 database.py:66  WARNING [Errno 2] No such file or directory: 'csvfiles/customers.csv'
2019-05-07 21:48:25,374 database.py:66  WARNING [Errno 2] No such file or directory: 'csvfiles/customers.csv'
2019-05-07 21:48:25,375 database.py:67  WARNING error when opening customer file
2019-05-07 21:48:25,375 database.py:67  WARNING error when opening customer file
2019-05-07 21:48:25,376 database.py:84  WARNING [Errno 2] No such file or directory: 'csvfiles/inventory.csv'
2019-05-07 21:48:25,376 database.py:84  WARNING [Errno 2] No such file or directory: 'csvfiles/inventory.csv'
2019-05-07 21:48:25,376 database.py:85  WARNING error when opening product file
2019-05-07 21:48:25,376 database.py:85  WARNING error when opening product file
2019-05-07 21:48:25,376 database.py:103 WARNING [Errno 2] No such file or directory: 'csvfiles/rental.csv'
2019-05-07 21:48:25,376 database.py:103 WARNING [Errno 2] No such file or directory: 'csvfiles/rental.csv'
2019-05-07 21:48:25,377 database.py:104 WARNING error when opening rental file
2019-05-07 21:48:25,377 database.py:104 WARNING error when opening rental file
2019-05-07 21:51:04,885 database.py:66  WARNING [Errno 2] No such file or directory: 'csvfiles/customers.csv'
2019-05-07 21:51:04,886 database.py:67  WARNING error when opening customer file
2019-05-07 21:51:04,886 database.py:84  WARNING [Errno 2] No such file or directory: 'csvfiles/inventory.csv'
2019-05-07 21:51:04,886 database.py:85  WARNING error when opening product file
2019-05-07 21:51:04,887 database.py:103 WARNING [Errno 2] No such file or directory: 'csvfiles/rental.csv'
2019-05-07 21:51:04,887 database.py:104 WARNING error when opening rental file
2019-05-07 22:41:53,650 test:72  WARNING [Errno 2] No such file or directory: 'csvfiles/products.csv'
2019-05-07 22:41:53,654 test:73  WARNING error when opening product file
2019-05-07 22:41:53,662 test:147 WARNING [Errno 2] No such file or directory: 'csvfiles/rentals.csv'
2019-05-07 22:41:53,664 test:148 WARNING error when opening rental file
2019-05-08 19:53:19,017 restart:73  WARNING 'utf-8' codec can't decode byte 0xbe in position 11: invalid start byte
2019-05-08 19:53:19,034 restart:74  WARNING error when opening customer file
2019-05-08 19:56:46,959 restart:73  WARNING 'utf-8' codec can't decode byte 0xbe in position 11: invalid start byte
2019-05-08 19:56:46,959 restart:74  WARNING error when opening customer file
2019-05-08 19:58:44,483 restart:65  WARNING 'utf-8' codec can't decode byte 0xbe in position 11: invalid start byte
2019-05-08 19:58:44,484 restart:66  WARNING error when opening customer file
2019-05-08 20:01:35,999 restart:65  WARNING [Errno 2] No such file or directory: 'csvfiles/customers_orig.csv'
2019-05-08 20:01:35,999 restart:66  WARNING error when opening customer file
